I, [2017-06-09T20:17:01.030479 #87885]  INFO -- : reaped #<Process::Status: pid 87887 exit 0> worker=1
I, [2017-06-09T20:17:01.030661 #87885]  INFO -- : reaped #<Process::Status: pid 87886 exit 0> worker=0
I, [2017-06-09T20:17:01.030924 #87885]  INFO -- : master complete
I, [2017-06-09T20:17:02.129749 #87915]  INFO -- : listening on addr=0.0.0.0:8876 fd=9
I, [2017-06-09T20:17:02.129881 #87915]  INFO -- : worker=0 spawning...
I, [2017-06-09T20:17:02.131172 #87915]  INFO -- : worker=1 spawning...
I, [2017-06-09T20:17:02.131892 #87915]  INFO -- : master process ready
I, [2017-06-09T20:17:02.132516 #87917]  INFO -- : worker=0 spawned pid=87917
I, [2017-06-09T20:17:02.133003 #87917]  INFO -- : Refreshing Gem list
I, [2017-06-09T20:17:02.133290 #87918]  INFO -- : worker=1 spawned pid=87918
I, [2017-06-09T20:17:02.133821 #87918]  INFO -- : Refreshing Gem list
I, [2017-06-09T20:17:02.989688 #87917]  INFO -- : worker=0 ready
I, [2017-06-09T20:17:02.999340 #87918]  INFO -- : worker=1 ready
127.0.0.1 - - [09/Jun/2017:20:17:05 -0700] "GET /heartbeat HTTP/1.1" 200 163 0.0950
E, [2017-06-09T20:17:36.145449 #87915] ERROR -- : worker=1 PID:87918 timeout (31s > 30s), killing
E, [2017-06-09T20:17:36.151546 #87915] ERROR -- : reaped #<Process::Status: pid 87918 SIGKILL (signal 9)> worker=1
I, [2017-06-09T20:17:36.151728 #87915]  INFO -- : worker=1 spawning...
I, [2017-06-09T20:17:36.153961 #87930]  INFO -- : worker=1 spawned pid=87930
I, [2017-06-09T20:17:36.154517 #87930]  INFO -- : Refreshing Gem list
I, [2017-06-09T20:17:36.688106 #87930]  INFO -- : worker=1 ready
2017-06-09 20:22:55 - Redis::CannotConnectError - Error connecting to Redis on localhost:6379 (Errno::ECONNREFUSED):
	/usr/local/lib/ruby/gems/2.4.0/gems/redis-3.3.3/lib/redis/client.rb:345:in `rescue in establish_connection'
	/usr/local/lib/ruby/gems/2.4.0/gems/redis-3.3.3/lib/redis/client.rb:331:in `establish_connection'
	/usr/local/lib/ruby/gems/2.4.0/gems/redis-3.3.3/lib/redis/client.rb:101:in `block in connect'
	/usr/local/lib/ruby/gems/2.4.0/gems/redis-3.3.3/lib/redis/client.rb:293:in `with_reconnect'
	/usr/local/lib/ruby/gems/2.4.0/gems/redis-3.3.3/lib/redis/client.rb:100:in `connect'
	/usr/local/lib/ruby/gems/2.4.0/gems/redis-3.3.3/lib/redis/client.rb:364:in `ensure_connected'
	/usr/local/lib/ruby/gems/2.4.0/gems/redis-3.3.3/lib/redis/client.rb:221:in `block in process'
	/usr/local/lib/ruby/gems/2.4.0/gems/redis-3.3.3/lib/redis/client.rb:306:in `logging'
	/usr/local/lib/ruby/gems/2.4.0/gems/redis-3.3.3/lib/redis/client.rb:220:in `process'
	/usr/local/lib/ruby/gems/2.4.0/gems/redis-3.3.3/lib/redis/client.rb:120:in `call'
	/usr/local/lib/ruby/gems/2.4.0/gems/redis-3.3.3/lib/redis.rb:504:in `block in exists'
	/usr/local/lib/ruby/gems/2.4.0/gems/redis-3.3.3/lib/redis.rb:58:in `block in synchronize'
	/usr/local/Cellar/ruby/2.4.1_1/lib/ruby/2.4.0/monitor.rb:214:in `mon_synchronize'
	/usr/local/lib/ruby/gems/2.4.0/gems/redis-3.3.3/lib/redis.rb:58:in `synchronize'
	/usr/local/lib/ruby/gems/2.4.0/gems/redis-3.3.3/lib/redis.rb:503:in `exists'
	/Users/sacmac/github/ropensci/bienapi/api.rb:42:in `block in <class:API>'
	/usr/local/lib/ruby/gems/2.4.0/gems/sinatra-2.0.0/lib/sinatra/base.rb:1632:in `call'
	/usr/local/lib/ruby/gems/2.4.0/gems/sinatra-2.0.0/lib/sinatra/base.rb:1632:in `block in compile!'
	/usr/local/lib/ruby/gems/2.4.0/gems/sinatra-2.0.0/lib/sinatra/base.rb:1037:in `block in process_route'
	/usr/local/lib/ruby/gems/2.4.0/gems/sinatra-2.0.0/lib/sinatra/base.rb:1035:in `catch'
	/usr/local/lib/ruby/gems/2.4.0/gems/sinatra-2.0.0/lib/sinatra/base.rb:1035:in `process_route'
	/usr/local/lib/ruby/gems/2.4.0/gems/sinatra-2.0.0/lib/sinatra/base.rb:982:in `block in filter!'
	/usr/local/lib/ruby/gems/2.4.0/gems/sinatra-2.0.0/lib/sinatra/base.rb:982:in `each'
	/usr/local/lib/ruby/gems/2.4.0/gems/sinatra-2.0.0/lib/sinatra/base.rb:982:in `filter!'
	/usr/local/lib/ruby/gems/2.4.0/gems/sinatra-2.0.0/lib/sinatra/base.rb:1093:in `block in dispatch!'
	/usr/local/lib/ruby/gems/2.4.0/gems/sinatra-2.0.0/lib/sinatra/base.rb:1073:in `block in invoke'
	/usr/local/lib/ruby/gems/2.4.0/gems/sinatra-2.0.0/lib/sinatra/base.rb:1073:in `catch'
	/usr/local/lib/ruby/gems/2.4.0/gems/sinatra-2.0.0/lib/sinatra/base.rb:1073:in `invoke'
	/usr/local/lib/ruby/gems/2.4.0/gems/sinatra-2.0.0/lib/sinatra/base.rb:1091:in `dispatch!'
	/usr/local/lib/ruby/gems/2.4.0/gems/sinatra-2.0.0/lib/sinatra/base.rb:923:in `block in call!'
	/usr/local/lib/ruby/gems/2.4.0/gems/sinatra-2.0.0/lib/sinatra/base.rb:1073:in `block in invoke'
	/usr/local/lib/ruby/gems/2.4.0/gems/sinatra-2.0.0/lib/sinatra/base.rb:1073:in `catch'
	/usr/local/lib/ruby/gems/2.4.0/gems/sinatra-2.0.0/lib/sinatra/base.rb:1073:in `invoke'
	/usr/local/lib/ruby/gems/2.4.0/gems/sinatra-2.0.0/lib/sinatra/base.rb:923:in `call!'
	/usr/local/lib/ruby/gems/2.4.0/gems/sinatra-2.0.0/lib/sinatra/base.rb:913:in `call'
	/usr/local/lib/ruby/gems/2.4.0/gems/rack-protection-2.0.0/lib/rack/protection/xss_header.rb:18:in `call'
	/usr/local/lib/ruby/gems/2.4.0/gems/rack-protection-2.0.0/lib/rack/protection/path_traversal.rb:16:in `call'
	/usr/local/lib/ruby/gems/2.4.0/gems/rack-protection-2.0.0/lib/rack/protection/json_csrf.rb:26:in `call'
	/usr/local/lib/ruby/gems/2.4.0/gems/rack-protection-2.0.0/lib/rack/protection/base.rb:50:in `call'
	/usr/local/lib/ruby/gems/2.4.0/gems/rack-protection-2.0.0/lib/rack/protection/base.rb:50:in `call'
	/usr/local/lib/ruby/gems/2.4.0/gems/rack-protection-2.0.0/lib/rack/protection/frame_options.rb:31:in `call'
	/usr/local/lib/ruby/gems/2.4.0/gems/rack-2.0.3/lib/rack/logger.rb:15:in `call'
	/usr/local/lib/ruby/gems/2.4.0/gems/sinatra-2.0.0/lib/sinatra/base.rb:224:in `call'
	/usr/local/lib/ruby/gems/2.4.0/gems/rack-2.0.3/lib/rack/head.rb:12:in `call'
	/usr/local/lib/ruby/gems/2.4.0/gems/rack-2.0.3/lib/rack/method_override.rb:22:in `call'
	/usr/local/lib/ruby/gems/2.4.0/gems/sinatra-2.0.0/lib/sinatra/show_exceptions.rb:22:in `call'
	/usr/local/lib/ruby/gems/2.4.0/gems/sinatra-2.0.0/lib/sinatra/base.rb:194:in `call'
	/usr/local/lib/ruby/gems/2.4.0/gems/sinatra-2.0.0/lib/sinatra/base.rb:1955:in `call'
	/usr/local/lib/ruby/gems/2.4.0/gems/sinatra-2.0.0/lib/sinatra/base.rb:1499:in `block in call'
	/usr/local/lib/ruby/gems/2.4.0/gems/sinatra-2.0.0/lib/sinatra/base.rb:1726:in `synchronize'
	/usr/local/lib/ruby/gems/2.4.0/gems/sinatra-2.0.0/lib/sinatra/base.rb:1499:in `call'
	/usr/local/lib/ruby/gems/2.4.0/gems/rack-2.0.3/lib/rack/urlmap.rb:68:in `block in call'
	/usr/local/lib/ruby/gems/2.4.0/gems/rack-2.0.3/lib/rack/urlmap.rb:53:in `each'
	/usr/local/lib/ruby/gems/2.4.0/gems/rack-2.0.3/lib/rack/urlmap.rb:53:in `call'
	/usr/local/lib/ruby/gems/2.4.0/gems/rack-2.0.3/lib/rack/tempfile_reaper.rb:15:in `call'
	/usr/local/lib/ruby/gems/2.4.0/gems/rack-2.0.3/lib/rack/lint.rb:49:in `_call'
	/usr/local/lib/ruby/gems/2.4.0/gems/rack-2.0.3/lib/rack/lint.rb:37:in `call'
	/usr/local/lib/ruby/gems/2.4.0/gems/rack-2.0.3/lib/rack/show_exceptions.rb:23:in `call'
	/usr/local/lib/ruby/gems/2.4.0/gems/rack-2.0.3/lib/rack/common_logger.rb:33:in `call'
	/usr/local/lib/ruby/gems/2.4.0/gems/sinatra-2.0.0/lib/sinatra/base.rb:231:in `call'
	/usr/local/lib/ruby/gems/2.4.0/gems/rack-2.0.3/lib/rack/chunked.rb:54:in `call'
	/usr/local/lib/ruby/gems/2.4.0/gems/rack-2.0.3/lib/rack/content_length.rb:15:in `call'
	/usr/local/lib/ruby/gems/2.4.0/gems/unicorn-5.3.0/lib/unicorn/http_server.rb:606:in `process_client'
	/usr/local/lib/ruby/gems/2.4.0/gems/unicorn-5.3.0/lib/unicorn/http_server.rb:702:in `worker_loop'
	/usr/local/lib/ruby/gems/2.4.0/gems/unicorn-5.3.0/lib/unicorn/http_server.rb:549:in `spawn_missing_workers'
	/usr/local/lib/ruby/gems/2.4.0/gems/unicorn-5.3.0/lib/unicorn/http_server.rb:563:in `maintain_worker_count'
	/usr/local/lib/ruby/gems/2.4.0/gems/unicorn-5.3.0/lib/unicorn/http_server.rb:293:in `join'
	/usr/local/lib/ruby/gems/2.4.0/gems/unicorn-5.3.0/bin/unicorn:126:in `<top (required)>'
	/usr/local/bin/unicorn:22:in `load'
	/usr/local/bin/unicorn:22:in `<top (required)>'
	/usr/local/lib/ruby/gems/2.4.0/gems/bundler-1.14.6/lib/bundler/cli/exec.rb:74:in `load'
	/usr/local/lib/ruby/gems/2.4.0/gems/bundler-1.14.6/lib/bundler/cli/exec.rb:74:in `kernel_load'
	/usr/local/lib/ruby/gems/2.4.0/gems/bundler-1.14.6/lib/bundler/cli/exec.rb:27:in `run'
	/usr/local/lib/ruby/gems/2.4.0/gems/bundler-1.14.6/lib/bundler/cli.rb:335:in `exec'
	/usr/local/lib/ruby/gems/2.4.0/gems/bundler-1.14.6/lib/bundler/vendor/thor/lib/thor/command.rb:27:in `run'
	/usr/local/lib/ruby/gems/2.4.0/gems/bundler-1.14.6/lib/bundler/vendor/thor/lib/thor/invocation.rb:126:in `invoke_command'
	/usr/local/lib/ruby/gems/2.4.0/gems/bundler-1.14.6/lib/bundler/vendor/thor/lib/thor.rb:359:in `dispatch'
	/usr/local/lib/ruby/gems/2.4.0/gems/bundler-1.14.6/lib/bundler/cli.rb:20:in `dispatch'
	/usr/local/lib/ruby/gems/2.4.0/gems/bundler-1.14.6/lib/bundler/vendor/thor/lib/thor/base.rb:440:in `start'
	/usr/local/lib/ruby/gems/2.4.0/gems/bundler-1.14.6/lib/bundler/cli.rb:11:in `start'
	/usr/local/lib/ruby/gems/2.4.0/gems/bundler-1.14.6/exe/bundle:32:in `block in <top (required)>'
	/usr/local/lib/ruby/gems/2.4.0/gems/bundler-1.14.6/lib/bundler/friendly_errors.rb:121:in `with_friendly_errors'
	/usr/local/lib/ruby/gems/2.4.0/gems/bundler-1.14.6/exe/bundle:24:in `<top (required)>'
	/usr/local/bin/bundle:22:in `load'
	/usr/local/bin/bundle:22:in `<main>'
127.0.0.1 - - [09/Jun/2017:20:22:55 -0700] "GET /heartbeat HTTP/1.1" 500 229064 0.1116
2017-06-09 20:22:55 - Redis::CannotConnectError - Error connecting to Redis on localhost:6379 (Errno::ECONNREFUSED):
	/usr/local/lib/ruby/gems/2.4.0/gems/redis-3.3.3/lib/redis/client.rb:345:in `rescue in establish_connection'
	/usr/local/lib/ruby/gems/2.4.0/gems/redis-3.3.3/lib/redis/client.rb:331:in `establish_connection'
	/usr/local/lib/ruby/gems/2.4.0/gems/redis-3.3.3/lib/redis/client.rb:101:in `block in connect'
	/usr/local/lib/ruby/gems/2.4.0/gems/redis-3.3.3/lib/redis/client.rb:293:in `with_reconnect'
	/usr/local/lib/ruby/gems/2.4.0/gems/redis-3.3.3/lib/redis/client.rb:100:in `connect'
	/usr/local/lib/ruby/gems/2.4.0/gems/redis-3.3.3/lib/redis/client.rb:364:in `ensure_connected'
	/usr/local/lib/ruby/gems/2.4.0/gems/redis-3.3.3/lib/redis/client.rb:221:in `block in process'
	/usr/local/lib/ruby/gems/2.4.0/gems/redis-3.3.3/lib/redis/client.rb:306:in `logging'
	/usr/local/lib/ruby/gems/2.4.0/gems/redis-3.3.3/lib/redis/client.rb:220:in `process'
	/usr/local/lib/ruby/gems/2.4.0/gems/redis-3.3.3/lib/redis/client.rb:120:in `call'
	/usr/local/lib/ruby/gems/2.4.0/gems/redis-3.3.3/lib/redis.rb:504:in `block in exists'
	/usr/local/lib/ruby/gems/2.4.0/gems/redis-3.3.3/lib/redis.rb:58:in `block in synchronize'
	/usr/local/Cellar/ruby/2.4.1_1/lib/ruby/2.4.0/monitor.rb:214:in `mon_synchronize'
	/usr/local/lib/ruby/gems/2.4.0/gems/redis-3.3.3/lib/redis.rb:58:in `synchronize'
	/usr/local/lib/ruby/gems/2.4.0/gems/redis-3.3.3/lib/redis.rb:503:in `exists'
	/Users/sacmac/github/ropensci/bienapi/api.rb:42:in `block in <class:API>'
	/usr/local/lib/ruby/gems/2.4.0/gems/sinatra-2.0.0/lib/sinatra/base.rb:1632:in `call'
	/usr/local/lib/ruby/gems/2.4.0/gems/sinatra-2.0.0/lib/sinatra/base.rb:1632:in `block in compile!'
	/usr/local/lib/ruby/gems/2.4.0/gems/sinatra-2.0.0/lib/sinatra/base.rb:1037:in `block in process_route'
	/usr/local/lib/ruby/gems/2.4.0/gems/sinatra-2.0.0/lib/sinatra/base.rb:1035:in `catch'
	/usr/local/lib/ruby/gems/2.4.0/gems/sinatra-2.0.0/lib/sinatra/base.rb:1035:in `process_route'
	/usr/local/lib/ruby/gems/2.4.0/gems/sinatra-2.0.0/lib/sinatra/base.rb:982:in `block in filter!'
	/usr/local/lib/ruby/gems/2.4.0/gems/sinatra-2.0.0/lib/sinatra/base.rb:982:in `each'
	/usr/local/lib/ruby/gems/2.4.0/gems/sinatra-2.0.0/lib/sinatra/base.rb:982:in `filter!'
	/usr/local/lib/ruby/gems/2.4.0/gems/sinatra-2.0.0/lib/sinatra/base.rb:1093:in `block in dispatch!'
	/usr/local/lib/ruby/gems/2.4.0/gems/sinatra-2.0.0/lib/sinatra/base.rb:1073:in `block in invoke'
	/usr/local/lib/ruby/gems/2.4.0/gems/sinatra-2.0.0/lib/sinatra/base.rb:1073:in `catch'
	/usr/local/lib/ruby/gems/2.4.0/gems/sinatra-2.0.0/lib/sinatra/base.rb:1073:in `invoke'
	/usr/local/lib/ruby/gems/2.4.0/gems/sinatra-2.0.0/lib/sinatra/base.rb:1091:in `dispatch!'
	/usr/local/lib/ruby/gems/2.4.0/gems/sinatra-2.0.0/lib/sinatra/base.rb:923:in `block in call!'
	/usr/local/lib/ruby/gems/2.4.0/gems/sinatra-2.0.0/lib/sinatra/base.rb:1073:in `block in invoke'
	/usr/local/lib/ruby/gems/2.4.0/gems/sinatra-2.0.0/lib/sinatra/base.rb:1073:in `catch'
	/usr/local/lib/ruby/gems/2.4.0/gems/sinatra-2.0.0/lib/sinatra/base.rb:1073:in `invoke'
	/usr/local/lib/ruby/gems/2.4.0/gems/sinatra-2.0.0/lib/sinatra/base.rb:923:in `call!'
	/usr/local/lib/ruby/gems/2.4.0/gems/sinatra-2.0.0/lib/sinatra/base.rb:913:in `call'
	/usr/local/lib/ruby/gems/2.4.0/gems/rack-protection-2.0.0/lib/rack/protection/xss_header.rb:18:in `call'
	/usr/local/lib/ruby/gems/2.4.0/gems/rack-protection-2.0.0/lib/rack/protection/path_traversal.rb:16:in `call'
	/usr/local/lib/ruby/gems/2.4.0/gems/rack-protection-2.0.0/lib/rack/protection/json_csrf.rb:26:in `call'
	/usr/local/lib/ruby/gems/2.4.0/gems/rack-protection-2.0.0/lib/rack/protection/base.rb:50:in `call'
	/usr/local/lib/ruby/gems/2.4.0/gems/rack-protection-2.0.0/lib/rack/protection/base.rb:50:in `call'
	/usr/local/lib/ruby/gems/2.4.0/gems/rack-protection-2.0.0/lib/rack/protection/frame_options.rb:31:in `call'
	/usr/local/lib/ruby/gems/2.4.0/gems/rack-2.0.3/lib/rack/logger.rb:15:in `call'
	/usr/local/lib/ruby/gems/2.4.0/gems/sinatra-2.0.0/lib/sinatra/base.rb:224:in `call'
	/usr/local/lib/ruby/gems/2.4.0/gems/rack-2.0.3/lib/rack/head.rb:12:in `call'
	/usr/local/lib/ruby/gems/2.4.0/gems/rack-2.0.3/lib/rack/method_override.rb:22:in `call'
	/usr/local/lib/ruby/gems/2.4.0/gems/sinatra-2.0.0/lib/sinatra/show_exceptions.rb:22:in `call'
	/usr/local/lib/ruby/gems/2.4.0/gems/sinatra-2.0.0/lib/sinatra/base.rb:194:in `call'
	/usr/local/lib/ruby/gems/2.4.0/gems/sinatra-2.0.0/lib/sinatra/base.rb:1955:in `call'
	/usr/local/lib/ruby/gems/2.4.0/gems/sinatra-2.0.0/lib/sinatra/base.rb:1499:in `block in call'
	/usr/local/lib/ruby/gems/2.4.0/gems/sinatra-2.0.0/lib/sinatra/base.rb:1726:in `synchronize'
	/usr/local/lib/ruby/gems/2.4.0/gems/sinatra-2.0.0/lib/sinatra/base.rb:1499:in `call'
	/usr/local/lib/ruby/gems/2.4.0/gems/rack-2.0.3/lib/rack/urlmap.rb:68:in `block in call'
	/usr/local/lib/ruby/gems/2.4.0/gems/rack-2.0.3/lib/rack/urlmap.rb:53:in `each'
	/usr/local/lib/ruby/gems/2.4.0/gems/rack-2.0.3/lib/rack/urlmap.rb:53:in `call'
	/usr/local/lib/ruby/gems/2.4.0/gems/rack-2.0.3/lib/rack/tempfile_reaper.rb:15:in `call'
	/usr/local/lib/ruby/gems/2.4.0/gems/rack-2.0.3/lib/rack/lint.rb:49:in `_call'
	/usr/local/lib/ruby/gems/2.4.0/gems/rack-2.0.3/lib/rack/lint.rb:37:in `call'
	/usr/local/lib/ruby/gems/2.4.0/gems/rack-2.0.3/lib/rack/show_exceptions.rb:23:in `call'
	/usr/local/lib/ruby/gems/2.4.0/gems/rack-2.0.3/lib/rack/common_logger.rb:33:in `call'
	/usr/local/lib/ruby/gems/2.4.0/gems/sinatra-2.0.0/lib/sinatra/base.rb:231:in `call'
	/usr/local/lib/ruby/gems/2.4.0/gems/rack-2.0.3/lib/rack/chunked.rb:54:in `call'
	/usr/local/lib/ruby/gems/2.4.0/gems/rack-2.0.3/lib/rack/content_length.rb:15:in `call'
	/usr/local/lib/ruby/gems/2.4.0/gems/unicorn-5.3.0/lib/unicorn/http_server.rb:606:in `process_client'
	/usr/local/lib/ruby/gems/2.4.0/gems/unicorn-5.3.0/lib/unicorn/http_server.rb:702:in `worker_loop'
	/usr/local/lib/ruby/gems/2.4.0/gems/unicorn-5.3.0/lib/unicorn/http_server.rb:549:in `spawn_missing_workers'
	/usr/local/lib/ruby/gems/2.4.0/gems/unicorn-5.3.0/lib/unicorn/http_server.rb:563:in `maintain_worker_count'
	/usr/local/lib/ruby/gems/2.4.0/gems/unicorn-5.3.0/lib/unicorn/http_server.rb:293:in `join'
	/usr/local/lib/ruby/gems/2.4.0/gems/unicorn-5.3.0/bin/unicorn:126:in `<top (required)>'
	/usr/local/bin/unicorn:22:in `load'
	/usr/local/bin/unicorn:22:in `<top (required)>'
	/usr/local/lib/ruby/gems/2.4.0/gems/bundler-1.14.6/lib/bundler/cli/exec.rb:74:in `load'
	/usr/local/lib/ruby/gems/2.4.0/gems/bundler-1.14.6/lib/bundler/cli/exec.rb:74:in `kernel_load'
	/usr/local/lib/ruby/gems/2.4.0/gems/bundler-1.14.6/lib/bundler/cli/exec.rb:27:in `run'
	/usr/local/lib/ruby/gems/2.4.0/gems/bundler-1.14.6/lib/bundler/cli.rb:335:in `exec'
	/usr/local/lib/ruby/gems/2.4.0/gems/bundler-1.14.6/lib/bundler/vendor/thor/lib/thor/command.rb:27:in `run'
	/usr/local/lib/ruby/gems/2.4.0/gems/bundler-1.14.6/lib/bundler/vendor/thor/lib/thor/invocation.rb:126:in `invoke_command'
	/usr/local/lib/ruby/gems/2.4.0/gems/bundler-1.14.6/lib/bundler/vendor/thor/lib/thor.rb:359:in `dispatch'
	/usr/local/lib/ruby/gems/2.4.0/gems/bundler-1.14.6/lib/bundler/cli.rb:20:in `dispatch'
	/usr/local/lib/ruby/gems/2.4.0/gems/bundler-1.14.6/lib/bundler/vendor/thor/lib/thor/base.rb:440:in `start'
	/usr/local/lib/ruby/gems/2.4.0/gems/bundler-1.14.6/lib/bundler/cli.rb:11:in `start'
	/usr/local/lib/ruby/gems/2.4.0/gems/bundler-1.14.6/exe/bundle:32:in `block in <top (required)>'
	/usr/local/lib/ruby/gems/2.4.0/gems/bundler-1.14.6/lib/bundler/friendly_errors.rb:121:in `with_friendly_errors'
	/usr/local/lib/ruby/gems/2.4.0/gems/bundler-1.14.6/exe/bundle:24:in `<top (required)>'
	/usr/local/bin/bundle:22:in `load'
	/usr/local/bin/bundle:22:in `<main>'
127.0.0.1 - - [09/Jun/2017:20:22:55 -0700] "GET /__sinatra__/500.png HTTP/1.1" 500 228642 0.1042
I, [2017-06-09T20:24:20.004910 #87915]  INFO -- : reaped #<Process::Status: pid 87930 exit 0> worker=1
I, [2017-06-09T20:24:20.012965 #87915]  INFO -- : reaped #<Process::Status: pid 87917 exit 0> worker=0
I, [2017-06-09T20:24:20.013591 #87915]  INFO -- : master complete
